<?xml version="1.0" encoding="UTF-8"?>
<testsuite xmlns:xsi="http://www.w3.org/2001/XMLSchema-instance" xsi:noNamespaceSchemaLocation="https://maven.apache.org/surefire/maven-surefire-plugin/xsd/surefire-test-report.xsd" version="3.0.2" name="com.dod.dha.byok.FipsAesCbcTest" time="0.094" tests="1" errors="0" skipped="0" failures="0">
  <properties>
[...]
</properties>
  <testcase name="Test1" classname="com.dod.dha.byok.FipsAesCbcTest" time="0.048">
    <system-out><![CDATA[&amp#27;[30m2025-02-20 19:09:37,481&amp#27;[0;39m &amp#27;[34mINFO &amp#27;[0;39m [&amp#27;[34mmain&amp#27;[0;39m] &amp#27;[33morg.springframework.test.context.support.AnnotationConfigContextLoaderUtils&amp#27;[0;39m: Could not detect default configuration classes for test class [com.dod.dha.byok.FipsAesCbcTest]: FipsAesCbcTest does not declare any static, non-private, non-final, nested classes annotated with @Configuration.
&amp#27;[30m2025-02-20 19:09:37,488&amp#27;[0;39m &amp#27;[34mINFO &amp#27;[0;39m [&amp#27;[34mmain&amp#27;[0;39m] &amp#27;[33morg.springframework.boot.test.context.SpringBootTestContextBootstrapper&amp#27;[0;39m: Found @SpringBootConfiguration com.dod.dha.byok.ByokApplication for test class com.dod.dha.byok.FipsAesCbcTest
Generated AES Key: iPKYg6Mg5ESG4WRF3cNbnJBRGSqmdYqQhbcWgTFFH2M=
Generated IV: 1O5NZHwIZp+hrHAY/Ew9lQ==
Encrypted Ciphertext: vRZt62BP8vNxxHWmjNiZ0M4UCnZ/ytTFy9U3AaRn0+TLLqiNxSoacY80d9qbHz5S
Decrypted Text: This is a FIPS-compliant AES CBC test.
]]></system-out>
  </testcase>
</testsuite>